<?xml version="1.0" encoding="UTF-8"?>
<testsuites name="Test Suite Login" time="25.822" tests="3" failures="0" errors="0">
   <testsuite name="Test Suite Login" tests="3" failures="0" errors="0" time="25.822" skipped="0" timestamp="28-06-2024T16:13:04" hostname="DESKTOP-SQ56SGT$ - DESKTOP-SQ56SGT" id="Test Suites/Cura/Test Suite Login">
      <properties>
         <property name="deviceName" value=""/>
         <property name="devicePlatform"/>
         <property name="logFolder" value="C:\\Users\\0767\\git\\Katalon\\Reports\\20240628_161141\\Cura\\Test Suite Login\\20240628_161301"/>
         <property name="logFiles" value="C:\\Users\\0767\\git\\Katalon\\Reports\\20240628_161141\\Cura\\Test Suite Login\\20240628_161301\\execution0.log"/>
         <property name="attachments" value=""/>
         <property name="hostName" value="DESKTOP-SQ56SGT$ - DESKTOP-SQ56SGT"/>
         <property name="os" value="Windows 10 64bit"/>
         <property name="katalonVersion" value="9.5.0.217"/>
         <property name="browser" value="Chrome 126.0.0.0"/>
         <property name="hostAddress" value="172.16.0.2"/>
         <property name="sessionId" value="01ffe98005cce708b01d7fe6c24dea74"/>
         <property name="seleniumVersion" value="3.141.59"/>
         <property name="proxyInformation" value="ProxyInformation { proxyOption=NO_PROXY, proxyServerType=HTTP, username=, password=********, proxyServerAddress=, proxyServerPort=0, executionList=&quot;&quot;, isApplyToDesiredCapabilities=true }"/>
         <property name="platform" value="Windows 10"/>
      </properties>
      <testcase name="Test Cases/Cura/Login" time="18.296" classname="Test Cases/Cura/Login" status="PASSED">
         <system-out><![CDATA[28-06-2024T16:13:04 - [TEST_CASE][PASSED] - Test Cases/Cura/Login: Test Cases/Cura/Login

28-06-2024T16:13:04 - [TEST_STEP][PASSED] - openBrowser(""): Browser is opened with url: ''

28-06-2024T16:13:04 - [MESSAGE][INFO] - Starting 'Chrome' driver

28-06-2024T16:13:04 - [MESSAGE][INFO] - Action delay is set to 0 milliseconds

28-06-2024T16:13:07 - [MESSAGE][PASSED] - Browser is opened with url: ''

28-06-2024T16:13:07 - [TEST_STEP][PASSED] - navigateToUrl("https://katalon-demo-cura.herokuapp.com/"): Navigate to 'https://katalon-demo-cura.herokuapp.com/' successfully

28-06-2024T16:13:14 - [MESSAGE][PASSED] - Navigate to 'https://katalon-demo-cura.herokuapp.com/' successfully

28-06-2024T16:13:14 - [TEST_STEP][PASSED] - click(findTestObject("Object Repository/Cura/Page_CURA Healthcare Service/i_CURA Healthcare_fa fa-bars")): Object: 'Object Repository/Cura/Page_CURA Healthcare Service/i_CURA Healthcare_fa fa-bars' is clicked on

28-06-2024T16:13:15 - [MESSAGE][PASSED] - Object: 'Object Repository/Cura/Page_CURA Healthcare Service/i_CURA Healthcare_fa fa-bars' is clicked on

28-06-2024T16:13:15 - [TEST_STEP][PASSED] - click(findTestObject("Object Repository/Cura/Page_CURA Healthcare Service/a _Login")): Object: 'Object Repository/Cura/Page_CURA Healthcare Service/a _Login' is clicked on

28-06-2024T16:13:17 - [MESSAGE][PASSED] - Object: 'Object Repository/Cura/Page_CURA Healthcare Service/a _Login' is clicked on

28-06-2024T16:13:17 - [TEST_STEP][PASSED] - setText(findTestObject("Object Repository/Cura/Page_CURA Healthcare Service/input_Username_username"), "John Doe"): Text 'John Doe' is set on object 'Object Repository/Cura/Page_CURA Healthcare Service/input_Username_username'

28-06-2024T16:13:17 - [MESSAGE][PASSED] - Text 'John Doe' is set on object 'Object Repository/Cura/Page_CURA Healthcare Service/input_Username_username'

28-06-2024T16:13:17 - [TEST_STEP][PASSED] - setEncryptedText(findTestObject("Object Repository/Cura/Page_CURA Healthcare Service/input_Password_password"), "g3/DOGG74jC3Flrr3yH+3D/yKbOqqUNM"): Text ****** has been set on object 'Object Repository/Cura/Page_CURA Healthcare Service/input_Password_password'

28-06-2024T16:13:18 - [MESSAGE][PASSED] - Text ****** has been set on object 'Object Repository/Cura/Page_CURA Healthcare Service/input_Password_password'

28-06-2024T16:13:18 - [TEST_STEP][PASSED] - click(findTestObject("Object Repository/Cura/Page_CURA Healthcare Service/button_Login")): Object: 'Object Repository/Cura/Page_CURA Healthcare Service/button_Login' is clicked on

28-06-2024T16:13:22 - [MESSAGE][PASSED] - Object: 'Object Repository/Cura/Page_CURA Healthcare Service/button_Login' is clicked on]]></system-out>
         <system-err><![CDATA[]]></system-err>
      </testcase>
      <testcase name="Test Cases/Cura/Make Appointment" time="4.928" classname="Test Cases/Cura/Make Appointment" status="PASSED">
         <system-out><![CDATA[28-06-2024T16:13:22 - [TEST_CASE][PASSED] - Test Cases/Cura/Make Appointment: Test Cases/Cura/Make Appointment

28-06-2024T16:13:22 - [TEST_STEP][PASSED] - selectOptionByValue(findTestObject("Object Repository/Cura/Page_CURA Healthcare Service/Tokyo"), "Hongkong CURA Healthcare Center", true): All options with value 'Hongkong CURA Healthcare Center' are selected in object 'Object Repository/Cura/Page_CURA Healthcare Service/Tokyo'  using regular expression

28-06-2024T16:13:23 - [MESSAGE][PASSED] - All options with value 'Hongkong CURA Healthcare Center' are selected in object 'Object Repository/Cura/Page_CURA Healthcare Service/Tokyo'  using regular expression

28-06-2024T16:13:23 - [TEST_STEP][PASSED] - click(findTestObject("Object Repository/Cura/Page_CURA Healthcare Service/input_Apply for hospital readmission_hospit_63901f")): Object: 'Object Repository/Cura/Page_CURA Healthcare Service/input_Apply for hospital readmission_hospit_63901f' is clicked on

28-06-2024T16:13:24 - [MESSAGE][PASSED] - Object: 'Object Repository/Cura/Page_CURA Healthcare Service/input_Apply for hospital readmission_hospit_63901f' is clicked on

28-06-2024T16:13:24 - [TEST_STEP][PASSED] - click(findTestObject("Object Repository/Cura/Page_CURA Healthcare Service/input_Medicaid_programs")): Object: 'Object Repository/Cura/Page_CURA Healthcare Service/input_Medicaid_programs' is clicked on

28-06-2024T16:13:24 - [MESSAGE][PASSED] - Object: 'Object Repository/Cura/Page_CURA Healthcare Service/input_Medicaid_programs' is clicked on

28-06-2024T16:13:24 - [TEST_STEP][PASSED] - click(findTestObject("Object Repository/Cura/Page_CURA Healthcare Service/span_Visit Date (Required)_glyphicon glyphi_cada34")): Object: 'Object Repository/Cura/Page_CURA Healthcare Service/span_Visit Date (Required)_glyphicon glyphi_cada34' is clicked on

28-06-2024T16:13:24 - [MESSAGE][PASSED] - Object: 'Object Repository/Cura/Page_CURA Healthcare Service/span_Visit Date (Required)_glyphicon glyphi_cada34' is clicked on

28-06-2024T16:13:24 - [TEST_STEP][PASSED] - click(findTestObject("Object Repository/Cura/Page_CURA Healthcare Service/td_20")): Object: 'Object Repository/Cura/Page_CURA Healthcare Service/td_20' is clicked on

28-06-2024T16:13:25 - [MESSAGE][PASSED] - Object: 'Object Repository/Cura/Page_CURA Healthcare Service/td_20' is clicked on

28-06-2024T16:13:25 - [TEST_STEP][PASSED] - setText(findTestObject("Object Repository/Cura/Page_CURA Healthcare Service/textarea_Comment_comment"), "Testing"): Text 'Testing' is set on object 'Object Repository/Cura/Page_CURA Healthcare Service/textarea_Comment_comment'

28-06-2024T16:13:26 - [MESSAGE][PASSED] - Text 'Testing' is set on object 'Object Repository/Cura/Page_CURA Healthcare Service/textarea_Comment_comment'

28-06-2024T16:13:26 - [TEST_STEP][PASSED] - click(findTestObject("Object Repository/Cura/Page_CURA Healthcare Service/button_Book Appointment")): Object: 'Object Repository/Cura/Page_CURA Healthcare Service/button_Book Appointment' is clicked on

28-06-2024T16:13:27 - [MESSAGE][PASSED] - Object: 'Object Repository/Cura/Page_CURA Healthcare Service/button_Book Appointment' is clicked on

28-06-2024T16:13:27 - [TEST_STEP][PASSED] - verifyElementText(findTestObject("Cura/Page_CURA Healthcare Service/h2_Appointment Confirmation"), "Appointment Confirmation"): Actual text and expected text of test object 'Object Repository/Cura/Page_CURA Healthcare Service/h2_Appointment Confirmation' are matched.

28-06-2024T16:13:27 - [MESSAGE][PASSED] - Actual text and expected text of test object 'Object Repository/Cura/Page_CURA Healthcare Service/h2_Appointment Confirmation' are matched.]]></system-out>
         <system-err><![CDATA[]]></system-err>
      </testcase>
      <testcase name="Test Cases/Cura/Logout" time="2.448" classname="Test Cases/Cura/Logout" status="PASSED">
         <system-out><![CDATA[28-06-2024T16:13:27 - [TEST_CASE][PASSED] - Test Cases/Cura/Logout: Test Cases/Cura/Logout

28-06-2024T16:13:27 - [TEST_STEP][PASSED] - click(findTestObject("Object Repository/Cura/Page_CURA Healthcare Service/i_CURA Healthcare_fa fa-bars")): Object: 'Object Repository/Cura/Page_CURA Healthcare Service/i_CURA Healthcare_fa fa-bars' is clicked on

28-06-2024T16:13:28 - [MESSAGE][PASSED] - Object: 'Object Repository/Cura/Page_CURA Healthcare Service/i_CURA Healthcare_fa fa-bars' is clicked on

28-06-2024T16:13:28 - [TEST_STEP][PASSED] - click(findTestObject("Object Repository/Cura/Page_CURA Healthcare Service/a_Logout")): Object: 'Object Repository/Cura/Page_CURA Healthcare Service/a_Logout' is clicked on

28-06-2024T16:13:29 - [MESSAGE][PASSED] - Object: 'Object Repository/Cura/Page_CURA Healthcare Service/a_Logout' is clicked on

28-06-2024T16:13:29 - [TEST_STEP][PASSED] - verifyElementText(findTestObject("Cura/Page_CURA Healthcare Service/h1_CURA Healthcare Service"), "CURA Healthcare Service"): Actual text and expected text of test object 'Object Repository/Cura/Page_CURA Healthcare Service/h1_CURA Healthcare Service' are matched.

28-06-2024T16:13:30 - [MESSAGE][PASSED] - Actual text and expected text of test object 'Object Repository/Cura/Page_CURA Healthcare Service/h1_CURA Healthcare Service' are matched.]]></system-out>
         <system-err><![CDATA[]]></system-err>
      </testcase>
      <system-out><![CDATA[28-06-2024T16:13:04 - [TEST_SUITE][PASSED] - Test Suite Login: Test Cases/Cura/Logout]]></system-out>
      <system-err><![CDATA[]]></system-err>
   </testsuite>
</testsuites>
