<?xml version="1.0" encoding="UTF-8"?>
<testsuites name="Test Suite Login" time="27.399" tests="3" failures="0" errors="0">
   <testsuite name="Test Suite Login" tests="3" failures="0" errors="0" time="27.399" skipped="0" timestamp="20-06-2024T14:12:43" hostname="DESKTOP-SQ56SGT$ - DESKTOP-SQ56SGT" id="Test Suites/Test Suite Login">
      <properties>
         <property name="deviceName" value=""/>
         <property name="devicePlatform"/>
         <property name="logFolder" value="C:\\Users\\0767\\git\\Katalon\\Reports\\20240620_141150\\Test Suite Login\\20240620_141235"/>
         <property name="logFiles" value="C:\\Users\\0767\\git\\Katalon\\Reports\\20240620_141150\\Test Suite Login\\20240620_141235\\execution0.log"/>
         <property name="attachments" value=""/>
         <property name="hostName" value="DESKTOP-SQ56SGT$ - DESKTOP-SQ56SGT"/>
         <property name="os" value="Windows 10 64bit"/>
         <property name="katalonVersion" value="9.5.0.217"/>
         <property name="browser" value="Chrome 126.0.0.0"/>
         <property name="hostAddress" value="172.16.0.2"/>
         <property name="sessionId" value="f129aa592b37567133c08b5fed0d0887"/>
         <property name="seleniumVersion" value="3.141.59"/>
         <property name="proxyInformation" value="ProxyInformation { proxyOption=NO_PROXY, proxyServerType=HTTP, username=, password=********, proxyServerAddress=, proxyServerPort=0, executionList=&quot;&quot;, isApplyToDesiredCapabilities=true }"/>
         <property name="platform" value="Windows 10"/>
      </properties>
      <testcase name="Test Cases/Login" time="17.378" classname="Test Cases/Login" status="PASSED">
         <system-out><![CDATA[20-06-2024T14:12:43 - [TEST_CASE][PASSED] - Test Cases/Login: Test Cases/Login

20-06-2024T14:12:44 - [TEST_STEP][PASSED] - openBrowser(""): Browser is opened with url: ''

20-06-2024T14:12:44 - [MESSAGE][INFO] - Starting 'Chrome' driver

20-06-2024T14:12:45 - [MESSAGE][INFO] - Action delay is set to 0 milliseconds

20-06-2024T14:12:49 - [MESSAGE][PASSED] - Browser is opened with url: ''

20-06-2024T14:12:49 - [TEST_STEP][PASSED] - navigateToUrl("https://katalon-demo-cura.herokuapp.com/"): Navigate to 'https://katalon-demo-cura.herokuapp.com/' successfully

20-06-2024T14:12:54 - [MESSAGE][PASSED] - Navigate to 'https://katalon-demo-cura.herokuapp.com/' successfully

20-06-2024T14:12:54 - [TEST_STEP][PASSED] - click(findTestObject("Object Repository/Cura/Page_CURA Healthcare Service/i_CURA Healthcare_fa fa-bars")): Object: 'Object Repository/Cura/Page_CURA Healthcare Service/i_CURA Healthcare_fa fa-bars' is clicked on

20-06-2024T14:12:55 - [MESSAGE][PASSED] - Object: 'Object Repository/Cura/Page_CURA Healthcare Service/i_CURA Healthcare_fa fa-bars' is clicked on

20-06-2024T14:12:55 - [TEST_STEP][PASSED] - click(findTestObject("Object Repository/Cura/Page_CURA Healthcare Service/a_Login")): Object: 'Object Repository/Cura/Page_CURA Healthcare Service/a_Login' is clicked on

20-06-2024T14:12:56 - [MESSAGE][PASSED] - Object: 'Object Repository/Cura/Page_CURA Healthcare Service/a_Login' is clicked on

20-06-2024T14:12:56 - [TEST_STEP][PASSED] - setText(findTestObject("Object Repository/Cura/Page_CURA Healthcare Service/input_Username_username"), "John Doe"): Text 'John Doe' is set on object 'Object Repository/Cura/Page_CURA Healthcare Service/input_Username_username'

20-06-2024T14:12:57 - [MESSAGE][PASSED] - Text 'John Doe' is set on object 'Object Repository/Cura/Page_CURA Healthcare Service/input_Username_username'

20-06-2024T14:12:57 - [TEST_STEP][PASSED] - setEncryptedText(findTestObject("Object Repository/Cura/Page_CURA Healthcare Service/input_Password_password"), "g3/DOGG74jC3Flrr3yH+3D/yKbOqqUNM"): Text ****** has been set on object 'Object Repository/Cura/Page_CURA Healthcare Service/input_Password_password'

20-06-2024T14:12:57 - [MESSAGE][PASSED] - Text ****** has been set on object 'Object Repository/Cura/Page_CURA Healthcare Service/input_Password_password'

20-06-2024T14:12:57 - [TEST_STEP][PASSED] - click(findTestObject("Object Repository/Cura/Page_CURA Healthcare Service/button_Login")): Object: 'Object Repository/Cura/Page_CURA Healthcare Service/button_Login' is clicked on

20-06-2024T14:13:01 - [MESSAGE][PASSED] - Object: 'Object Repository/Cura/Page_CURA Healthcare Service/button_Login' is clicked on]]></system-out>
         <system-err><![CDATA[]]></system-err>
      </testcase>
      <testcase name="Test Cases/Make Appointment" time="7.506" classname="Test Cases/Make Appointment" status="PASSED">
         <system-out><![CDATA[20-06-2024T14:13:01 - [TEST_CASE][PASSED] - Test Cases/Make Appointment: Test Cases/Make Appointment

20-06-2024T14:13:01 - [TEST_STEP][PASSED] - selectOptionByValue(findTestObject("Object Repository/Cura/Page_CURA Healthcare Service/Tokyo"), "Hongkong CURA Healthcare Center", true): All options with value 'Hongkong CURA Healthcare Center' are selected in object 'Object Repository/Cura/Page_CURA Healthcare Service/Tokyo'  using regular expression

20-06-2024T14:13:02 - [MESSAGE][PASSED] - All options with value 'Hongkong CURA Healthcare Center' are selected in object 'Object Repository/Cura/Page_CURA Healthcare Service/Tokyo'  using regular expression

20-06-2024T14:13:02 - [TEST_STEP][PASSED] - click(findTestObject("Object Repository/Cura/Page_CURA Healthcare Service/input_Apply for hospital readmission_hospit_63901f")): Object: 'Object Repository/Cura/Page_CURA Healthcare Service/input_Apply for hospital readmission_hospit_63901f' is clicked on

20-06-2024T14:13:03 - [MESSAGE][PASSED] - Object: 'Object Repository/Cura/Page_CURA Healthcare Service/input_Apply for hospital readmission_hospit_63901f' is clicked on

20-06-2024T14:13:03 - [TEST_STEP][PASSED] - click(findTestObject("Object Repository/Cura/Page_CURA Healthcare Service/input_Medicaid_programs")): Object: 'Object Repository/Cura/Page_CURA Healthcare Service/input_Medicaid_programs' is clicked on

20-06-2024T14:13:03 - [MESSAGE][PASSED] - Object: 'Object Repository/Cura/Page_CURA Healthcare Service/input_Medicaid_programs' is clicked on

20-06-2024T14:13:03 - [TEST_STEP][PASSED] - click(findTestObject("Object Repository/Cura/Page_CURA Healthcare Service/span_Visit Date (Required)_glyphicon glyphi_cada34")): Object: 'Object Repository/Cura/Page_CURA Healthcare Service/span_Visit Date (Required)_glyphicon glyphi_cada34' is clicked on

20-06-2024T14:13:04 - [MESSAGE][PASSED] - Object: 'Object Repository/Cura/Page_CURA Healthcare Service/span_Visit Date (Required)_glyphicon glyphi_cada34' is clicked on

20-06-2024T14:13:04 - [TEST_STEP][PASSED] - click(findTestObject("Object Repository/Cura/Page_CURA Healthcare Service/td_20")): Object: 'Object Repository/Cura/Page_CURA Healthcare Service/td_20' is clicked on

20-06-2024T14:13:04 - [MESSAGE][PASSED] - Object: 'Object Repository/Cura/Page_CURA Healthcare Service/td_20' is clicked on

20-06-2024T14:13:04 - [TEST_STEP][PASSED] - setText(findTestObject("Object Repository/Cura/Page_CURA Healthcare Service/textarea_Comment_comment"), "Testing"): Text 'Testing' is set on object 'Object Repository/Cura/Page_CURA Healthcare Service/textarea_Comment_comment'

20-06-2024T14:13:05 - [MESSAGE][PASSED] - Text 'Testing' is set on object 'Object Repository/Cura/Page_CURA Healthcare Service/textarea_Comment_comment'

20-06-2024T14:13:05 - [TEST_STEP][PASSED] - click(findTestObject("Object Repository/Cura/Page_CURA Healthcare Service/button_Book Appointment")): Object: 'Object Repository/Cura/Page_CURA Healthcare Service/button_Book Appointment' is clicked on

20-06-2024T14:13:08 - [MESSAGE][PASSED] - Object: 'Object Repository/Cura/Page_CURA Healthcare Service/button_Book Appointment' is clicked on]]></system-out>
         <system-err><![CDATA[]]></system-err>
      </testcase>
      <testcase name="Test Cases/Logout" time="2.151" classname="Test Cases/Logout" status="PASSED">
         <system-out><![CDATA[20-06-2024T14:13:08 - [TEST_CASE][PASSED] - Test Cases/Logout: Test Cases/Logout

20-06-2024T14:13:08 - [TEST_STEP][PASSED] - click(findTestObject("Object Repository/Cura/Page_CURA Healthcare Service/i_CURA Healthcare_fa fa-bars")): Object: 'Object Repository/Cura/Page_CURA Healthcare Service/i_CURA Healthcare_fa fa-bars' is clicked on

20-06-2024T14:13:09 - [MESSAGE][PASSED] - Object: 'Object Repository/Cura/Page_CURA Healthcare Service/i_CURA Healthcare_fa fa-bars' is clicked on

20-06-2024T14:13:09 - [TEST_STEP][PASSED] - click(findTestObject("Object Repository/Cura/Page_CURA Healthcare Service/a_Logout")): Object: 'Object Repository/Cura/Page_CURA Healthcare Service/a_Logout' is clicked on

20-06-2024T14:13:10 - [MESSAGE][PASSED] - Object: 'Object Repository/Cura/Page_CURA Healthcare Service/a_Logout' is clicked on]]></system-out>
         <system-err><![CDATA[]]></system-err>
      </testcase>
      <system-out><![CDATA[20-06-2024T14:12:43 - [TEST_SUITE][PASSED] - Test Suite Login: Test Cases/Logout]]></system-out>
      <system-err><![CDATA[]]></system-err>
   </testsuite>
</testsuites>
