<?xml version="1.0" encoding="UTF-8"?>
<testsuites name="Login Doang" time="13.117" tests="1" failures="0" errors="0">
   <testsuite name="Login Doang" tests="1" failures="0" errors="0" time="13.117" skipped="0" timestamp="27-06-2024T10:25:22" hostname="DESKTOP-SQ56SGT$ - DESKTOP-SQ56SGT" id="Test Suites/Login Doang">
      <properties>
         <property name="deviceName" value=""/>
         <property name="devicePlatform"/>
         <property name="logFolder" value="C:\\Users\\0767\\git\\Katalon\\Reports\\20240627_102437\\Login Doang\\20240627_102518"/>
         <property name="logFiles" value="C:\\Users\\0767\\git\\Katalon\\Reports\\20240627_102437\\Login Doang\\20240627_102518\\execution0.log"/>
         <property name="attachments" value=""/>
         <property name="hostName" value="DESKTOP-SQ56SGT$ - DESKTOP-SQ56SGT"/>
         <property name="os" value="Windows 10 64bit"/>
         <property name="katalonVersion" value="9.5.0.217"/>
         <property name="browser" value="Chrome 126.0.0.0"/>
         <property name="hostAddress" value="172.16.0.2"/>
         <property name="sessionId" value="0ac86e41569f1dccce568485645f9df6"/>
         <property name="seleniumVersion" value="3.141.59"/>
         <property name="proxyInformation" value="ProxyInformation { proxyOption=NO_PROXY, proxyServerType=HTTP, username=, password=********, proxyServerAddress=, proxyServerPort=0, executionList=&quot;&quot;, isApplyToDesiredCapabilities=true }"/>
         <property name="platform" value="Windows 10"/>
      </properties>
      <testcase name="Test Cases/Login" time="12.601" classname="Test Cases/Login" status="PASSED">
         <system-out><![CDATA[27-06-2024T10:25:22 - [TEST_CASE][PASSED] - Test Cases/Login: Test Cases/Login

27-06-2024T10:25:23 - [TEST_STEP][PASSED] - openBrowser(""): Browser is opened with url: ''

27-06-2024T10:25:23 - [MESSAGE][INFO] - Starting 'Chrome' driver

27-06-2024T10:25:23 - [MESSAGE][INFO] - Action delay is set to 0 milliseconds

27-06-2024T10:25:26 - [MESSAGE][PASSED] - Browser is opened with url: ''

27-06-2024T10:25:26 - [TEST_STEP][PASSED] - navigateToUrl("https://katalon-demo-cura.herokuapp.com/"): Navigate to 'https://katalon-demo-cura.herokuapp.com/' successfully

27-06-2024T10:25:31 - [MESSAGE][PASSED] - Navigate to 'https://katalon-demo-cura.herokuapp.com/' successfully

27-06-2024T10:25:31 - [TEST_STEP][PASSED] - click(findTestObject("Object Repository/Cura/Page_CURA Healthcare Service/i_CURA Healthcare_fa fa-bars")): Object: 'Object Repository/Cura/Page_CURA Healthcare Service/i_CURA Healthcare_fa fa-bars' is clicked on

27-06-2024T10:25:31 - [MESSAGE][PASSED] - Object: 'Object Repository/Cura/Page_CURA Healthcare Service/i_CURA Healthcare_fa fa-bars' is clicked on

27-06-2024T10:25:31 - [TEST_STEP][PASSED] - click(findTestObject("Object Repository/Cura/Page_CURA Healthcare Service/a _Login")): Object: 'Object Repository/Cura/Page_CURA Healthcare Service/a _Login' is clicked on

27-06-2024T10:25:33 - [MESSAGE][PASSED] - Object: 'Object Repository/Cura/Page_CURA Healthcare Service/a _Login' is clicked on

27-06-2024T10:25:33 - [TEST_STEP][PASSED] - setText(findTestObject("Object Repository/Cura/Page_CURA Healthcare Service/input_Username_username"), "John Doe"): Text 'John Doe' is set on object 'Object Repository/Cura/Page_CURA Healthcare Service/input_Username_username'

27-06-2024T10:25:33 - [MESSAGE][PASSED] - Text 'John Doe' is set on object 'Object Repository/Cura/Page_CURA Healthcare Service/input_Username_username'

27-06-2024T10:25:33 - [TEST_STEP][PASSED] - setEncryptedText(findTestObject("Object Repository/Cura/Page_CURA Healthcare Service/input_Password_password"), "g3/DOGG74jC3Flrr3yH+3D/yKbOqqUNM"): Text ****** has been set on object 'Object Repository/Cura/Page_CURA Healthcare Service/input_Password_password'

27-06-2024T10:25:34 - [MESSAGE][PASSED] - Text ****** has been set on object 'Object Repository/Cura/Page_CURA Healthcare Service/input_Password_password'

27-06-2024T10:25:34 - [TEST_STEP][PASSED] - click(findTestObject("Object Repository/Cura/Page_CURA Healthcare Service/button_Login")): Object: 'Object Repository/Cura/Page_CURA Healthcare Service/button_Login' is clicked on

27-06-2024T10:25:35 - [MESSAGE][PASSED] - Object: 'Object Repository/Cura/Page_CURA Healthcare Service/button_Login' is clicked on]]></system-out>
         <system-err><![CDATA[]]></system-err>
      </testcase>
      <system-out><![CDATA[27-06-2024T10:25:22 - [TEST_SUITE][PASSED] - Login Doang: Test Cases/Login]]></system-out>
      <system-err><![CDATA[]]></system-err>
   </testsuite>
</testsuites>
