<?xml version="1.0" encoding="UTF-8"?>
<testsuites name="Test Suite Login" time="34.697" tests="3" failures="0" errors="0">
   <testsuite name="Test Suite Login" tests="3" failures="0" errors="0" time="34.697" skipped="0" timestamp="20-06-2024T22:07:43" hostname="0767 - DESKTOP-SQ56SGT" id="Test Suites/Test Suite Login">
      <properties>
         <property name="deviceName" value=""/>
         <property name="devicePlatform"/>
         <property name="logFolder" value="C:\\Users\\0767\\git\\Katalon\\Reports\\20240620_220733\\Test Suite Login\\20240620_220733"/>
         <property name="logFiles" value="C:\\Users\\0767\\git\\Katalon\\Reports\\20240620_220733\\Test Suite Login\\20240620_220733\\execution0.log"/>
         <property name="attachments" value=""/>
         <property name="hostName" value="0767 - DESKTOP-SQ56SGT"/>
         <property name="os" value="Windows 10 64bit"/>
         <property name="katalonVersion" value="9.5.0.217"/>
         <property name="browser" value="Chrome 126.0.0.0"/>
         <property name="hostAddress" value="172.16.0.2"/>
         <property name="sessionId" value="888bd243430f123b9ba768daf9ed35ff"/>
         <property name="seleniumVersion" value="3.141.59"/>
         <property name="proxyInformation" value="ProxyInformation { proxyOption=NO_PROXY, proxyServerType=HTTP, username=, password=********, proxyServerAddress=, proxyServerPort=0, executionList=&quot;&quot;, isApplyToDesiredCapabilities=true }"/>
         <property name="platform" value="Windows 10"/>
      </properties>
      <testcase name="Test Cases/Login" time="25.071" classname="Test Cases/Login" status="PASSED">
         <system-out><![CDATA[20-06-2024T22:07:44 - [TEST_CASE][PASSED] - Test Cases/Login: Test Cases/Login

20-06-2024T22:07:45 - [TEST_STEP][PASSED] - openBrowser(""): Browser is opened with url: ''

20-06-2024T22:07:45 - [MESSAGE][INFO] - Starting 'Chrome' driver

20-06-2024T22:07:46 - [MESSAGE][INFO] - Action delay is set to 0 milliseconds

20-06-2024T22:07:49 - [MESSAGE][PASSED] - Browser is opened with url: ''

20-06-2024T22:07:49 - [TEST_STEP][PASSED] - navigateToUrl("https://katalon-demo-cura.herokuapp.com/"): Navigate to 'https://katalon-demo-cura.herokuapp.com/' successfully

20-06-2024T22:07:59 - [MESSAGE][PASSED] - Navigate to 'https://katalon-demo-cura.herokuapp.com/' successfully

20-06-2024T22:07:59 - [TEST_STEP][PASSED] - click(findTestObject("Object Repository/Cura/Page_CURA Healthcare Service/i_CURA Healthcare_fa fa-bars")): Object: 'Object Repository/Cura/Page_CURA Healthcare Service/i_CURA Healthcare_fa fa-bars' is clicked on

20-06-2024T22:08:00 - [MESSAGE][PASSED] - Object: 'Object Repository/Cura/Page_CURA Healthcare Service/i_CURA Healthcare_fa fa-bars' is clicked on

20-06-2024T22:08:00 - [TEST_STEP][PASSED] - click(findTestObject("Object Repository/Cura/Page_CURA Healthcare Service/a_Login")): Object: 'Object Repository/Cura/Page_CURA Healthcare Service/a_Login' is clicked on

20-06-2024T22:08:04 - [MESSAGE][PASSED] - Object: 'Object Repository/Cura/Page_CURA Healthcare Service/a_Login' is clicked on

20-06-2024T22:08:05 - [TEST_STEP][PASSED] - setText(findTestObject("Object Repository/Cura/Page_CURA Healthcare Service/input_Username_username"), "John Doe"): Text 'John Doe' is set on object 'Object Repository/Cura/Page_CURA Healthcare Service/input_Username_username'

20-06-2024T22:08:06 - [MESSAGE][PASSED] - Text 'John Doe' is set on object 'Object Repository/Cura/Page_CURA Healthcare Service/input_Username_username'

20-06-2024T22:08:06 - [TEST_STEP][PASSED] - setEncryptedText(findTestObject("Object Repository/Cura/Page_CURA Healthcare Service/input_Password_password"), "g3/DOGG74jC3Flrr3yH+3D/yKbOqqUNM"): Text ****** has been set on object 'Object Repository/Cura/Page_CURA Healthcare Service/input_Password_password'

20-06-2024T22:08:06 - [MESSAGE][PASSED] - Text ****** has been set on object 'Object Repository/Cura/Page_CURA Healthcare Service/input_Password_password'

20-06-2024T22:08:06 - [TEST_STEP][PASSED] - click(findTestObject("Object Repository/Cura/Page_CURA Healthcare Service/button_Login")): Object: 'Object Repository/Cura/Page_CURA Healthcare Service/button_Login' is clicked on

20-06-2024T22:08:08 - [MESSAGE][PASSED] - Object: 'Object Repository/Cura/Page_CURA Healthcare Service/button_Login' is clicked on

20-06-2024T22:08:08 - [TEST_STEP][PASSED] - verifyElementText(findTestObject("Cura/Page_CURA Healthcare Service/h1_CURA Healthcare Service"), "CURA Healthcare Service"): Actual text and expected text of test object 'Object Repository/Cura/Page_CURA Healthcare Service/h1_CURA Healthcare Service' are matched.

20-06-2024T22:08:09 - [MESSAGE][PASSED] - Actual text and expected text of test object 'Object Repository/Cura/Page_CURA Healthcare Service/h1_CURA Healthcare Service' are matched.]]></system-out>
         <system-err><![CDATA[]]></system-err>
      </testcase>
      <testcase name="Test Cases/Make Appointment" time="6.605" classname="Test Cases/Make Appointment" status="PASSED">
         <system-out><![CDATA[20-06-2024T22:08:09 - [TEST_CASE][PASSED] - Test Cases/Make Appointment: Test Cases/Make Appointment

20-06-2024T22:08:09 - [TEST_STEP][PASSED] - selectOptionByValue(findTestObject("Object Repository/Cura/Page_CURA Healthcare Service/Tokyo"), "Hongkong CURA Healthcare Center", true): All options with value 'Hongkong CURA Healthcare Center' are selected in object 'Object Repository/Cura/Page_CURA Healthcare Service/Tokyo'  using regular expression

20-06-2024T22:08:11 - [MESSAGE][PASSED] - All options with value 'Hongkong CURA Healthcare Center' are selected in object 'Object Repository/Cura/Page_CURA Healthcare Service/Tokyo'  using regular expression

20-06-2024T22:08:11 - [TEST_STEP][PASSED] - click(findTestObject("Object Repository/Cura/Page_CURA Healthcare Service/input_Apply for hospital readmission_hospit_63901f")): Object: 'Object Repository/Cura/Page_CURA Healthcare Service/input_Apply for hospital readmission_hospit_63901f' is clicked on

20-06-2024T22:08:11 - [MESSAGE][PASSED] - Object: 'Object Repository/Cura/Page_CURA Healthcare Service/input_Apply for hospital readmission_hospit_63901f' is clicked on

20-06-2024T22:08:11 - [TEST_STEP][PASSED] - click(findTestObject("Object Repository/Cura/Page_CURA Healthcare Service/input_Medicaid_programs")): Object: 'Object Repository/Cura/Page_CURA Healthcare Service/input_Medicaid_programs' is clicked on

20-06-2024T22:08:11 - [MESSAGE][PASSED] - Object: 'Object Repository/Cura/Page_CURA Healthcare Service/input_Medicaid_programs' is clicked on

20-06-2024T22:08:11 - [TEST_STEP][PASSED] - click(findTestObject("Object Repository/Cura/Page_CURA Healthcare Service/span_Visit Date (Required)_glyphicon glyphi_cada34")): Object: 'Object Repository/Cura/Page_CURA Healthcare Service/span_Visit Date (Required)_glyphicon glyphi_cada34' is clicked on

20-06-2024T22:08:12 - [MESSAGE][PASSED] - Object: 'Object Repository/Cura/Page_CURA Healthcare Service/span_Visit Date (Required)_glyphicon glyphi_cada34' is clicked on

20-06-2024T22:08:12 - [TEST_STEP][PASSED] - click(findTestObject("Object Repository/Cura/Page_CURA Healthcare Service/td_20")): Object: 'Object Repository/Cura/Page_CURA Healthcare Service/td_20' is clicked on

20-06-2024T22:08:12 - [MESSAGE][PASSED] - Object: 'Object Repository/Cura/Page_CURA Healthcare Service/td_20' is clicked on

20-06-2024T22:08:12 - [TEST_STEP][PASSED] - setText(findTestObject("Object Repository/Cura/Page_CURA Healthcare Service/textarea_Comment_comment"), "Testing"): Text 'Testing' is set on object 'Object Repository/Cura/Page_CURA Healthcare Service/textarea_Comment_comment'

20-06-2024T22:08:14 - [MESSAGE][PASSED] - Text 'Testing' is set on object 'Object Repository/Cura/Page_CURA Healthcare Service/textarea_Comment_comment'

20-06-2024T22:08:14 - [TEST_STEP][PASSED] - click(findTestObject("Object Repository/Cura/Page_CURA Healthcare Service/button_Book Appointment")): Object: 'Object Repository/Cura/Page_CURA Healthcare Service/button_Book Appointment' is clicked on

20-06-2024T22:08:15 - [MESSAGE][PASSED] - Object: 'Object Repository/Cura/Page_CURA Healthcare Service/button_Book Appointment' is clicked on

20-06-2024T22:08:15 - [TEST_STEP][PASSED] - verifyElementText(findTestObject("Cura/Page_CURA Healthcare Service/h2_Appointment Confirmation"), "Appointment Confirmation"): Actual text and expected text of test object 'Object Repository/Cura/Page_CURA Healthcare Service/h2_Appointment Confirmation' are matched.

20-06-2024T22:08:16 - [MESSAGE][PASSED] - Actual text and expected text of test object 'Object Repository/Cura/Page_CURA Healthcare Service/h2_Appointment Confirmation' are matched.]]></system-out>
         <system-err><![CDATA[]]></system-err>
      </testcase>
      <testcase name="Test Cases/Logout" time="2.49" classname="Test Cases/Logout" status="PASSED">
         <system-out><![CDATA[20-06-2024T22:08:16 - [TEST_CASE][PASSED] - Test Cases/Logout: Test Cases/Logout

20-06-2024T22:08:16 - [TEST_STEP][PASSED] - click(findTestObject("Object Repository/Cura/Page_CURA Healthcare Service/i_CURA Healthcare_fa fa-bars")): Object: 'Object Repository/Cura/Page_CURA Healthcare Service/i_CURA Healthcare_fa fa-bars' is clicked on

20-06-2024T22:08:16 - [MESSAGE][PASSED] - Object: 'Object Repository/Cura/Page_CURA Healthcare Service/i_CURA Healthcare_fa fa-bars' is clicked on

20-06-2024T22:08:16 - [TEST_STEP][PASSED] - click(findTestObject("Object Repository/Cura/Page_CURA Healthcare Service/a_Logout")): Object: 'Object Repository/Cura/Page_CURA Healthcare Service/a_Logout' is clicked on

20-06-2024T22:08:18 - [MESSAGE][PASSED] - Object: 'Object Repository/Cura/Page_CURA Healthcare Service/a_Logout' is clicked on

20-06-2024T22:08:18 - [TEST_STEP][PASSED] - verifyElementText(findTestObject("Cura/Page_CURA Healthcare Service/h1_CURA Healthcare Service"), "CURA Healthcare Service"): Actual text and expected text of test object 'Object Repository/Cura/Page_CURA Healthcare Service/h1_CURA Healthcare Service' are matched.

20-06-2024T22:08:18 - [MESSAGE][PASSED] - Actual text and expected text of test object 'Object Repository/Cura/Page_CURA Healthcare Service/h1_CURA Healthcare Service' are matched.]]></system-out>
         <system-err><![CDATA[]]></system-err>
      </testcase>
      <system-out><![CDATA[20-06-2024T22:07:43 - [TEST_SUITE][PASSED] - Test Suite Login: Test Cases/Logout]]></system-out>
      <system-err><![CDATA[]]></system-err>
   </testsuite>
</testsuites>
