<?xml version="1.0" encoding="UTF-8"?>
<testsuites name="Test Suite Orange Login" time="30.242" tests="1" failures="0" errors="0">
   <testsuite name="Test Suite Orange Login" tests="1" failures="0" errors="0" time="30.242" skipped="0" timestamp="27-06-2024T13:57:25" hostname="DESKTOP-SQ56SGT$ - DESKTOP-SQ56SGT" id="Test Suites/Orange/Test Suite Orange Login">
      <properties>
         <property name="deviceName" value=""/>
         <property name="devicePlatform"/>
         <property name="logFolder" value="C:\\Users\\0767\\git\\Katalon\\Reports\\20240627_135635\\Orange\\Test Suite Orange Login\\20240627_135718"/>
         <property name="logFiles" value="C:\\Users\\0767\\git\\Katalon\\Reports\\20240627_135635\\Orange\\Test Suite Orange Login\\20240627_135718\\execution0.log"/>
         <property name="attachments" value=""/>
         <property name="hostName" value="DESKTOP-SQ56SGT$ - DESKTOP-SQ56SGT"/>
         <property name="os" value="Windows 10 64bit"/>
         <property name="katalonVersion" value="9.5.0.217"/>
         <property name="browser" value="Chrome 126.0.0.0"/>
         <property name="hostAddress" value="172.16.0.2"/>
         <property name="sessionId" value="c8b78bbf07eba0894760a5c2ce8138fd"/>
         <property name="seleniumVersion" value="3.141.59"/>
         <property name="proxyInformation" value="ProxyInformation { proxyOption=NO_PROXY, proxyServerType=HTTP, username=, password=********, proxyServerAddress=, proxyServerPort=0, executionList=&quot;&quot;, isApplyToDesiredCapabilities=true }"/>
         <property name="platform" value="Windows 10"/>
      </properties>
      <testcase name="Test Cases/Orange/Orange Login" time="30.057" classname="Test Cases/Orange/Orange Login" status="PASSED">
         <system-out><![CDATA[27-06-2024T13:57:25 - [TEST_CASE][PASSED] - Test Cases/Orange/Orange Login: Test Cases/Orange/Orange Login

27-06-2024T13:57:25 - [TEST_STEP][PASSED] - openBrowser(""): Browser is opened with url: ''

27-06-2024T13:57:26 - [MESSAGE][INFO] - Starting 'Chrome' driver

27-06-2024T13:57:26 - [MESSAGE][INFO] - Action delay is set to 0 milliseconds

27-06-2024T13:57:30 - [MESSAGE][PASSED] - Browser is opened with url: ''

27-06-2024T13:57:30 - [TEST_STEP][PASSED] - navigateToUrl("https://opensource-demo.orangehrmlive.com/web/index.php/auth/login"): Navigate to 'https://opensource-demo.orangehrmlive.com/web/index.php/auth/login' successfully

27-06-2024T13:57:50 - [MESSAGE][PASSED] - Navigate to 'https://opensource-demo.orangehrmlive.com/web/index.php/auth/login' successfully

27-06-2024T13:57:50 - [TEST_STEP][PASSED] - switchToWindowTitle("OrangeHRM"): Switched to window with title: 'OrangeHRM'

27-06-2024T13:57:50 - [MESSAGE][PASSED] - Switched to window with title: 'OrangeHRM'

27-06-2024T13:57:50 - [TEST_STEP][PASSED] - setText(findTestObject("Object Repository/Orange/Page_OrangeHRM/input_Username_username"), "Admin"): Text 'Admin' is set on object 'Object Repository/Orange/Page_OrangeHRM/input_Username_username'

27-06-2024T13:57:52 - [MESSAGE][PASSED] - Text 'Admin' is set on object 'Object Repository/Orange/Page_OrangeHRM/input_Username_username'

27-06-2024T13:57:52 - [TEST_STEP][PASSED] - setEncryptedText(findTestObject("Object Repository/Orange/Page_OrangeHRM/input_Password_password"), "hUKwJTbofgPU9eVlw/CnDQ=="): Text ****** has been set on object 'Object Repository/Orange/Page_OrangeHRM/input_Password_password'

27-06-2024T13:57:53 - [MESSAGE][PASSED] - Text ****** has been set on object 'Object Repository/Orange/Page_OrangeHRM/input_Password_password'

27-06-2024T13:57:53 - [TEST_STEP][PASSED] - click(findTestObject("Object Repository/Orange/Page_OrangeHRM/button_Login")): Object: 'Object Repository/Orange/Page_OrangeHRM/button_Login' is clicked on

27-06-2024T13:57:55 - [MESSAGE][PASSED] - Object: 'Object Repository/Orange/Page_OrangeHRM/button_Login' is clicked on]]></system-out>
         <system-err><![CDATA[]]></system-err>
      </testcase>
      <system-out><![CDATA[27-06-2024T13:57:25 - [TEST_SUITE][PASSED] - Test Suite Orange Login: Test Cases/Orange/Orange Login]]></system-out>
      <system-err><![CDATA[]]></system-err>
   </testsuite>
</testsuites>
